4560 608960512.0 1862 -128 54 3 24 5 16 54
4576 453771264.0 1863 -128 54 3 20 6 16 53
4608 441712640.0 1865 -128 54 3 15 8 16 52
4624 245760000.0 1866 -131 51 3 21 6 16 52
4640 224264192.0 1867 -130 51 3 18 7 16 51
4672 160628736.0 1869 -132 48 3 22 6 16 50
4704 117637120.0 1871 -132 48 3 19 7 16 50
4768 69828608.0 1875 -130 45 3 20 7 16 48
4848 59342848.0 1880 -131 45 3 18 8 16 48
4864 56328192.0 1881 -129 45 3 16 9 16 47
4976 55803904.0 1888 -133 45 3 15 10 16 48
5056 44351488.0 1893 -132 42 3 20 8 16 47
5104 32292864.0 1896 -130 42 3 18 9 16 47
5216 22052864.0 2429 -132 52 4 18 7 16 52
5248 18677760.0 2431 -131 52 4 14 9 16 51
5264 16531456.0 2432 -132 48 4 19 7 16 50
5328 9781248.0 2436 -131 48 4 15 9 16 49
5424 9519104.0 2442 -134 48 4 14 10 16 49
5488 9371648.0 2446 -136 48 4 13 11 16 49
5520 9244672.0 2448 -132 48 4 11 13 16 48
5552 6955008.0 2450 -133 44 4 17 9 16 48
5600 4956160.0 2453 -128 44 4 14 11 16 47
5792 3920896.0 2991 -130 50 5 16 8 16 50
5856 3036160.0 2995 -130 50 5 13 10 16 50
5904 2962432.0 2998 -130 50 5 12 11 16 49
5920 2921472.0 2999 -129 50 5 11 12 16 49
5984 2615808.0 3003 -129 45 5 16 9 16 47
6096 2091520.0 3010 -133 45 5 15 10 16 48
6176 1796608.0 3015 -134 45 5 14 11 16 48
6224 1632768.0 3018 -133 45 5 13 12 16 47
6240 1542656.0 3019 -131 45 5 12 13 16 47
6416 1497600.0 3030 -134 45 5 11 15 16 47
6448 1451520.0 3558 -131 48 6 15 9 16 49
6544 1189376.0 3564 -134 48 6 14 10 16 49
6608 1041920.0 3568 -136 48 6 13 11 16 49
6640 914944.0 3570 -132 48 6 11 13 16 48
6784 892416.0 3579 -135 48 6 10 15 16 48
6864 879104.0 3584 -134 48 6 9 17 16 48
6880 871424.0 3585 -128 48 6 8 19 16 47
7008 592768.0 4119 -128 49 7 12 11 16 48
7184 531328.0 4130 -131 49 7 10 14 16 48
7280 519040.0 4136 -131 49 7 9 16 16 48
7456 512384.0 4147 -133 49 7 8 19 16 48
7504 504576.0 3624 -129 42 6 11 18 16 46
7728 467456.0 4690 -136 48 8 13 11 16 49
7760 340480.0 4692 -132 48 8 11 13 16 48
7904 317952.0 4701 -135 48 8 10 15 16 48
7984 304640.0 4706 -134 48 8 9 17 16 48
8000 296960.0 4707 -128 48 8 8 19 16 47
8208 293120.0 4720 -128 48 8 7 23 16 47
8480 268064.0 5263 -131 45 9 12 13 16 47
8656 223008.0 5274 -134 45 9 11 15 16 47
8768 196384.0 5281 -133 45 9 10 17 16 47
8816 181024.0 5284 -128 45 9 9 19 16 46
9088 173344.0 5301 -129 45 9 8 23 16 46
9488 168992.0 5326 -128 45 9 7 29 16 46
9952 164272.0 6407 -135 44 11 11 16 16 47
