3200 688914432.0 725 -130 20 1 23 6 16 23
3248 602931200.0 728 -130 20 1 20 7 16 23
3264 348389376.0 729 -128 18 1 24 6 16 23
3328 176422912.0 733 -128 18 1 21 7 16 22
3424 132251648.0 739 -130 17 1 22 7 16 22
3536 90308608.0 746 -132 17 1 20 8 16 22
3584 78249984.0 749 -130 17 1 18 9 16 22
3632 29761536.0 1278 -128 24 2 21 6 16 25
3680 12861440.0 1281 -130 26 2 18 7 16 26
3696 5644288.0 1282 -128 24 2 16 8 16 24
3792 2887680.0 1288 -128 22 2 15 9 16 23
3888 2625536.0 1294 -131 22 2 14 10 16 23
3904 2328576.0 1295 -129 20 2 16 9 16 22
4016 1804288.0 1302 -133 20 2 15 10 16 23
4096 1509376.0 1307 -134 20 2 14 11 16 23
4144 1345536.0 1310 -133 20 2 13 12 16 22
4160 1255424.0 1311 -131 20 2 12 13 16 22
4288 1156608.0 1845 -131 27 3 14 9 16 26
4304 967680.0 1320 -132 18 2 14 12 16 22
4336 787456.0 1322 -130 18 2 13 13 16 21
4368 520960.0 1850 -128 24 3 12 11 16 23
4496 395648.0 1858 -128 21 3 13 11 16 22
4720 272768.0 1872 -132 21 3 11 14 16 22
4848 248192.0 1880 -133 21 3 10 16 16 22
4912 233856.0 1884 -129 21 3 9 18 16 22
4928 233728.0 2411 -128 24 4 12 11 16 23
5104 172288.0 2422 -131 24 4 10 14 16 23
5200 160000.0 2428 -131 24 4 9 16 16 23
5328 146624.0 1910 -129 18 3 10 19 16 21
5456 133248.0 2444 -134 20 4 11 15 16 22
5568 106624.0 2451 -133 20 4 10 17 16 22
5616 91264.0 2454 -128 20 4 9 19 16 21
5888 83584.0 2471 -129 20 4 8 23 16 21
6128 79696.0 3012 -133 20 5 10 17 16 22
6176 64336.0 3015 -128 20 5 9 19 16 21
6448 56656.0 3032 -129 20 5 8 23 16 21
6848 52304.0 3057 -128 20 5 7 29 16 21
7152 49848.0 4128 -129 21 7 9 18 16 22
7440 42680.0 4146 -132 21 7 8 22 16 22
7696 41264.0 3636 -128 18 6 8 28 16 20
7728 38328.0 4164 -130 21 7 7 27 16 21
8304 36024.0 4200 -130 21 7 6 36 16 21
9248 34216.0 5837 -129 20 10 8 23 16 21
9648 29864.0 5862 -128 20 10 7 29 16 21
