3008 613416960.0 713 -128 20 1 21 6 16 21
3072 197394432.0 717 -130 18 1 22 6 16 20
3104 154402816.0 719 -129 18 1 19 7 16 20
3136 137428992.0 721 -130 16 1 23 6 16 19
3184 51445760.0 724 -130 16 1 20 7 16 19
3264 38551552.0 729 -128 14 1 21 7 16 18
3280 37945344.0 730 -129 16 1 16 9 16 18
3360 17580032.0 735 -130 14 1 19 8 16 18
3392 11550720.0 737 -128 14 1 17 9 16 18
3520 9314304.0 745 -130 13 1 18 9 16 18
3616 5967872.0 1277 -130 22 2 18 7 16 22
3632 2197504.0 1278 -128 20 2 16 8 16 20
3728 1164288.0 1284 -128 18 2 15 9 16 19
3824 902144.0 1290 -131 18 2 14 10 16 19
3888 754688.0 1294 -132 18 2 13 11 16 19
3920 627712.0 1296 -128 18 2 11 13 16 18
4064 605184.0 1305 -130 18 2 10 15 16 18
4080 483840.0 1306 -133 16 2 13 12 16 18
4096 393728.0 1307 -131 16 2 12 13 16 18
4272 348672.0 1318 -134 16 2 11 15 16 18
4320 305536.0 1847 -130 21 3 12 11 16 20
4336 264576.0 1848 -129 21 3 11 12 16 20
4480 160960.0 1857 -128 18 3 11 13 16 18
4624 138432.0 1866 -130 18 3 10 15 16 18
4704 125120.0 1871 -129 18 3 9 17 16 18
4864 117952.0 1881 -128 18 3 8 20 16 18
5040 100480.0 2418 -131 20 4 10 14 16 19
5104 90720.0 1896 -132 15 3 10 18 16 17
5136 88192.0 2424 -131 20 4 9 16 16 19
5296 75360.0 1908 -131 15 3 9 21 16 17
5504 70720.0 2447 -133 16 4 10 17 16 18
5536 66656.0 1923 -128 15 3 8 25 16 17
5552 55360.0 2450 -128 16 4 9 19 16 17
5824 47680.0 2467 -129 16 4 8 23 16 17
6224 43328.0 2492 -128 16 4 7 29 16 17
6544 37168.0 3564 -128 18 6 8 20 16 18
6656 35240.0 3045 -128 15 5 8 25 16 17
6864 33328.0 3584 -130 18 6 7 25 16 18
7248 31024.0 3608 -128 18 6 6 32 16 17
7280 30888.0 3084 -130 15 5 7 33 16 17
8064 29728.0 4711 -129 16 8 8 23 16 17
8320 28456.0 3149 -129 15 5 6 47 16 16
8464 25376.0 4736 -128 16 8 7 29 16 17
8928 24292.0 5291 -128 18 9 6 32 16 17
9232 23072.0 4784 -129 16 8 6 40 16 17
