3792 172228608.0 1288 -128 34 2 21 6 16 35
3856 123863040.0 1292 -130 32 2 22 6 16 34
3888 80871424.0 1294 -129 32 2 19 7 16 34
3952 74121216.0 1298 -128 32 2 15 9 16 33
3968 51445760.0 1299 -130 30 2 20 7 16 33
4048 40960000.0 1304 -131 30 2 18 8 16 33
4064 37945344.0 1305 -129 30 2 16 9 16 32
4144 26771456.0 1310 -130 28 2 19 8 16 32
4176 20742144.0 1312 -128 28 2 17 9 16 32
4304 19693568.0 1320 -131 28 2 16 10 16 32
4368 14311424.0 1850 -128 39 3 15 8 16 37
4400 10563584.0 1852 -130 36 3 18 7 16 36
4432 7188480.0 1854 -129 36 3 14 9 16 35
4512 7057408.0 1859 -132 36 3 13 10 16 36
4528 4036608.0 1860 -131 33 3 15 9 16 34
4624 2903040.0 1866 -129 30 3 16 9 16 32
4736 2378752.0 1873 -133 30 3 15 10 16 33
4816 2083840.0 1878 -134 30 3 14 11 16 33
4864 1920000.0 1881 -133 30 3 13 12 16 32
4880 1829888.0 1882 -131 30 3 12 13 16 32
4992 1443840.0 2415 -129 36 4 14 9 16 35
5072 1164288.0 2420 -128 32 4 15 9 16 33
5168 902144.0 2426 -131 32 4 14 10 16 33
5232 754688.0 2430 -132 32 4 13 11 16 33
5264 627712.0 2432 -128 32 4 11 13 16 32
5408 605184.0 2441 -130 32 4 10 15 16 32
5488 591872.0 2446 -129 32 4 9 17 16 32
5616 500224.0 2454 -130 28 4 13 13 16 31
5664 449152.0 2983 -130 35 5 12 11 16 34
5680 408192.0 2984 -129 35 5 11 12 16 34
5840 387712.0 2994 -134 35 5 10 14 16 34
5936 375424.0 3000 -135 35 5 9 16 16 34
5968 356864.0 2476 -133 28 4 11 17 16 31
6000 286016.0 3004 -131 30 5 12 13 16 32
6176 240960.0 3015 -134 30 5 11 15 16 32
6288 214336.0 3022 -133 30 5 10 17 16 32
6336 198976.0 3025 -128 30 5 9 19 16 31
6608 191296.0 3042 -129 30 5 8 23 16 31
6736 169152.0 3576 -134 30 6 11 15 16 32
6848 142528.0 3583 -133 30 6 10 17 16 32
6896 127168.0 3586 -128 30 6 9 19 16 31
7168 119488.0 3603 -129 30 6 8 23 16 31
7568 115136.0 3628 -128 30 6 7 29 16 31
7648 102528.0 4685 -130 32 8 10 15 16 32
7728 89216.0 4690 -129 32 8 9 17 16 32
7888 82048.0 4700 -128 32 8 8 20 16 32
8208 78208.0 4720 -130 32 8 7 25 16 32
8416 77168.0 4207 -128 28 7 8 28 16 30
8592 75904.0 4744 -128 32 8 6 32 16 31
9136 64336.0 5830 -128 30 10 9 19 16 31
9408 56656.0 5847 -129 30 10 8 23 16 31
9648 55256.0 6388 -128 33 11 7 23 16 32
9808 52304.0 5872 -128 30 10 7 29 16 31
