5184 941096960.0 1901 -130 57 3 22 7 16 62
5296 899153920.0 1908 -132 57 3 20 8 16 62
5344 887095296.0 1911 -130 57 3 18 9 16 62
5392 172228608.0 2440 -128 64 4 21 6 16 65
5456 148111360.0 2444 -128 64 4 16 8 16 64
5568 88211456.0 2451 -130 60 4 20 7 16 63
5648 77725696.0 2456 -131 60 4 18 8 16 63
5664 74711040.0 2457 -129 60 4 16 9 16 62
5776 74186752.0 2464 -133 60 4 15 10 16 63
5856 73891840.0 2469 -134 60 4 14 11 16 63
5904 73728000.0 2472 -133 60 4 13 12 16 62
5920 73637888.0 2473 -131 60 4 12 13 16 62
5952 47792128.0 3001 -128 70 5 17 7 16 68
5984 26648576.0 3003 -129 65 5 18 7 16 65
6032 24027136.0 3006 -130 65 5 16 8 16 65
6096 23142400.0 3010 -130 65 5 13 10 16 65
6144 23068672.0 3013 -130 65 5 12 11 16 64
6160 23027712.0 3014 -129 65 5 11 12 16 64
6208 15683584.0 3017 -131 60 5 18 8 16 63
6224 12668928.0 3018 -129 60 5 16 9 16 62
6336 12144640.0 3025 -133 60 5 15 10 16 63
6416 11849728.0 3030 -134 60 5 14 11 16 63
6464 11685888.0 3033 -133 60 5 13 12 16 62
6480 11595776.0 3034 -131 60 5 12 13 16 62
6560 10563584.0 3565 -130 66 6 18 7 16 66
6592 7188480.0 3567 -129 66 6 14 9 16 65
6672 7057408.0 3572 -132 66 6 13 10 16 66
6720 6920192.0 3575 -128 66 6 10 13 16 64
6784 4626432.0 3579 -129 60 6 16 9 16 62
6896 4102144.0 3586 -133 60 6 15 10 16 63
6976 3807232.0 3591 -134 60 6 14 11 16 63
7024 3643392.0 3594 -133 60 6 13 12 16 62
7040 3553280.0 3595 -131 60 6 12 13 16 62
7216 3508224.0 3606 -134 60 6 11 15 16 62
7248 2600448.0 4134 -131 63 7 15 9 16 64
7344 2338304.0 4140 -134 63 7 14 10 16 64
7408 2190848.0 4144 -136 63 7 13 11 16 64
7440 2063872.0 4146 -132 63 7 11 13 16 63
7584 2041344.0 4155 -135 63 7 10 15 16 63
7664 2028032.0 4160 -134 63 7 9 17 16 63
7680 2020352.0 4161 -128 63 7 8 19 16 62
7808 1239040.0 4695 -128 64 8 12 11 16 63
7984 1177600.0 4706 -131 64 8 10 14 16 63
8080 1165312.0 4712 -131 64 8 9 16 16 63
8256 1158656.0 4723 -133 64 8 8 19 16 63
8336 1154560.0 4728 -129 64 8 7 22 16 62
8464 973952.0 5262 -134 63 9 14 10 16 64
8528 826496.0 5266 -136 63 9 13 11 16 64
8560 699520.0 5268 -132 63 9 11 13 16 63
8704 676992.0 5277 -135 63 9 10 15 16 63
8784 663680.0 5282 -134 63 9 9 17 16 63
8800 656000.0 5283 -128 63 9 8 19 16 62
9008 652160.0 5296 -128 63 9 7 23 16 62
9264 555648.0 5838 -133 60 10 13 12 16 62
9280 465536.0 5839 -131 60 10 12 13 16 62
9456 420480.0 5850 -134 60 10 11 15 16 62
9568 393856.0 5857 -133 60 10 10 17 16 62
9616 378496.0 5860 -128 60 10 9 19 16 61
9888 370816.0 5877 -129 60 10 8 23 16 61
