4672 466354176.0 1869 -128 54 3 21 6 16 55
4736 442236928.0 1873 -128 54 3 16 8 16 54
4816 321257472.0 1878 -133 51 3 23 6 16 54
4864 235274240.0 1881 -133 51 3 20 7 16 54
4928 139657216.0 1885 -128 48 3 21 7 16 52
5024 118685696.0 1891 -130 48 3 19 8 16 52
5056 112656384.0 1893 -128 48 3 17 9 16 52
5184 111607808.0 1901 -131 48 3 16 10 16 52
5232 75366400.0 2430 -128 60 4 17 7 16 58
5264 61931520.0 2432 -131 56 4 21 6 16 57
5280 40435712.0 2433 -130 56 4 18 7 16 56
5312 37060608.0 2435 -129 56 4 14 9 16 55
5328 25722880.0 2436 -129 52 4 19 7 16 54
5392 18972672.0 2440 -128 52 4 15 9 16 53
5488 18710528.0 2446 -131 52 4 14 10 16 53
5552 18563072.0 2450 -132 52 4 13 11 16 53
5584 17580032.0 2452 -130 48 4 19 8 16 52
5616 11550720.0 2454 -128 48 4 17 9 16 52
5744 10502144.0 2462 -131 48 4 16 10 16 52
5824 9414656.0 2993 -129 55 5 18 7 16 55
5872 6793216.0 2996 -130 55 5 16 8 16 55
5936 5908480.0 3000 -130 55 5 13 10 16 55
5984 5834752.0 3003 -130 55 5 12 11 16 54
6000 5793792.0 3004 -129 55 5 11 12 16 54
6064 4051968.0 3008 -129 50 5 16 9 16 52
6176 3527680.0 3015 -133 50 5 15 10 16 53
6256 3232768.0 3020 -134 50 5 14 11 16 53
6304 3068928.0 3023 -133 50 5 13 12 16 52
6320 2978816.0 3024 -131 50 5 12 13 16 52
6416 2771968.0 3556 -128 54 6 16 8 16 54
6528 1813504.0 3563 -128 54 6 12 11 16 53
6704 1752064.0 3574 -131 54 6 10 14 16 53
6800 1739776.0 3580 -131 54 6 9 16 16 53
6960 1582592.0 3590 -133 48 6 15 11 16 52
6992 1300224.0 4118 -129 56 7 14 9 16 55
7024 1254912.0 3594 -132 48 6 14 12 16 52
7056 1074688.0 3596 -130 48 6 13 13 16 51
7120 1031936.0 4126 -128 56 7 10 13 16 54
7232 1020672.0 4133 -131 56 7 9 15 16 54
7264 984576.0 3609 -134 48 6 12 15 16 52
7360 863104.0 4141 -128 49 7 14 11 16 52
7632 617344.0 4158 -133 49 7 12 14 16 52
7680 601088.0 4687 -128 56 8 10 13 16 54
7792 568192.0 4168 -135 49 7 11 16 16 52
7888 539520.0 4174 -132 49 7 10 18 16 51
8080 524160.0 4186 -131 49 7 9 21 16 51
8176 500224.0 4718 -130 48 8 13 13 16 51
8208 413248.0 5246 -128 54 9 12 11 16 53
8384 351808.0 5257 -131 54 9 10 14 16 53
8480 339520.0 5263 -131 54 9 9 16 16 53
8608 326144.0 4745 -129 48 8 10 19 16 51
8944 310784.0 4766 -130 48 8 9 23 16 51
9120 286016.0 5829 -131 50 10 12 13 16 52
9296 240960.0 5840 -134 50 10 11 15 16 52
9408 214336.0 5847 -133 50 10 10 17 16 52
9456 198976.0 5850 -128 50 10 9 19 16 51
9728 191296.0 5867 -129 50 10 8 23 16 51
