4144 789577728.0 1310 -128 38 2 24 6 16 43
4208 617611264.0 1314 -128 38 2 21 7 16 42
4304 596639744.0 1320 -130 38 2 19 8 16 42
4336 590610432.0 1322 -128 38 2 17 9 16 42
4400 411566080.0 1326 -131 36 2 23 7 16 42
4496 390692864.0 1858 -129 45 3 25 5 16 46
4512 388366336.0 1859 -130 51 3 24 5 16 51
4528 80314368.0 1860 -129 45 3 21 6 16 46
4544 58818560.0 1861 -129 45 3 18 7 16 45
4592 56197120.0 1864 -130 45 3 16 8 16 45
4608 34914304.0 1865 -129 42 3 19 7 16 44
4672 28164096.0 1869 -128 42 3 15 9 16 43
4768 27901952.0 1875 -131 42 3 14 10 16 43
4832 27754496.0 1879 -132 42 3 13 11 16 43
4864 27627520.0 1881 -128 42 3 11 13 16 42
4880 22175744.0 1882 -135 39 3 19 8 16 43
4912 16146432.0 1884 -133 39 3 17 9 16 43
4960 14147584.0 1887 -128 39 3 14 11 16 42
5136 5644288.0 2424 -128 44 4 16 8 16 44
5248 4685824.0 2431 -128 44 4 12 11 16 43
5344 3477504.0 2437 -129 40 4 16 9 16 42
5456 2953216.0 2444 -133 40 4 15 10 16 43
5536 2658304.0 2449 -134 40 4 14 11 16 43
5584 2494464.0 2452 -133 40 4 13 12 16 42
5600 2404352.0 2453 -131 40 4 12 13 16 42
5776 1600000.0 2990 -130 45 5 13 10 16 45
5824 1526272.0 2993 -130 45 5 12 11 16 44
5840 1485312.0 2994 -129 45 5 11 12 16 44
6000 1464832.0 3004 -134 45 5 10 14 16 44
6016 1373440.0 3005 -133 40 5 15 10 16 43
6096 1078528.0 3010 -134 40 5 14 11 16 43
6144 914688.0 3013 -133 40 5 13 12 16 42
6160 824576.0 3014 -131 40 5 12 13 16 42
6336 779520.0 3025 -134 40 5 11 15 16 42
6448 752896.0 3032 -133 40 5 10 17 16 42
6496 737536.0 3035 -128 40 5 9 19 16 41
6512 611072.0 3562 -132 42 6 13 11 16 43
6544 484096.0 3564 -128 42 6 11 13 16 42
6688 461568.0 3573 -130 42 6 10 15 16 42
6768 448256.0 3578 -129 42 6 9 17 16 42
6928 441088.0 3588 -128 42 6 8 20 16 42
7072 431552.0 4123 -132 42 7 13 11 16 43
7104 304576.0 4125 -128 42 7 11 13 16 42
7248 282048.0 4134 -130 42 7 10 15 16 42
7328 268736.0 4139 -129 42 7 9 17 16 42
7488 261568.0 4149 -128 42 7 8 20 16 42
7808 257728.0 4169 -130 42 7 7 25 16 42
7840 250112.0 4697 -131 40 8 12 13 16 42
8016 205056.0 4708 -134 40 8 11 15 16 42
8128 178432.0 4715 -133 40 8 10 17 16 42
8176 163072.0 4718 -128 40 8 9 19 16 41
8448 155392.0 4735 -129 40 8 8 23 16 41
8848 151040.0 4760 -128 40 8 7 29 16 41
9248 124576.0 5837 -133 40 10 10 17 16 42
9296 109216.0 5840 -128 40 10 9 19 16 41
9568 101536.0 5857 -129 40 10 8 23 16 41
9968 97184.0 5882 -128 40 10 7 29 16 41
