4816 932708352.0 1878 -130 57 3 22 6 16 59
4848 889716736.0 1880 -129 57 3 19 7 16 59
4912 882966528.0 1884 -128 57 3 15 9 16 58
4960 642514944.0 1887 -132 54 3 24 6 16 59
5024 470548480.0 1891 -133 54 3 21 7 16 58
5120 449576960.0 1897 -135 54 3 19 8 16 58
5152 443547648.0 1899 -133 54 3 17 9 16 58
5200 338034688.0 1902 -131 51 3 23 7 16 57
5280 314834944.0 2433 -128 64 4 24 5 16 64
5296 159645696.0 2434 -128 64 4 20 6 16 63
5328 98697216.0 2436 -129 60 4 21 6 16 61
5344 77201408.0 2437 -129 60 4 18 7 16 60
5392 74579968.0 2440 -130 60 4 16 8 16 60
5456 73695232.0 2444 -130 60 4 13 10 16 60
5504 51445760.0 2447 -133 56 4 20 7 16 59
5584 40960000.0 2452 -135 56 4 18 8 16 59
5600 37945344.0 2453 -133 56 4 16 9 16 58
5616 36945920.0 2454 -128 56 4 13 11 16 57
5776 35160064.0 2464 -132 52 4 20 8 16 57
5824 23101440.0 2467 -130 52 4 18 9 16 57
5904 15159296.0 2998 -129 60 5 18 7 16 60
5952 12537856.0 3001 -130 60 5 16 8 16 60
6016 11653120.0 3005 -130 60 5 13 10 16 60
6064 11579392.0 3008 -130 60 5 12 11 16 59
6080 11538432.0 3009 -129 60 5 11 12 16 59
6128 9938944.0 3012 -131 55 5 18 8 16 58
6144 6924288.0 3013 -129 55 5 16 9 16 57
6256 6400000.0 3020 -133 55 5 15 10 16 58
6336 6105088.0 3025 -134 55 5 14 11 16 58
6384 5941248.0 3028 -133 55 5 13 12 16 57
6400 5851136.0 3029 -131 55 5 12 13 16 57
6512 4495360.0 3562 -130 60 6 16 8 16 60
6576 3610624.0 3566 -130 60 6 13 10 16 60
6624 3536896.0 3569 -130 60 6 12 11 16 59
6640 3495936.0 3570 -129 60 6 11 12 16 59
6800 3475456.0 3580 -134 60 6 10 14 16 59
6880 2083840.0 3585 -128 54 6 14 11 16 57
7152 1838080.0 3602 -133 54 6 12 14 16 57
7296 1185536.0 4137 -128 56 7 13 11 16 57
7520 1062656.0 4151 -132 56 7 11 14 16 57
7648 1038080.0 4159 -133 56 7 10 16 16 57
7712 1023744.0 4163 -129 56 7 9 18 16 57
7856 754688.0 4698 -128 56 8 13 11 16 57
8080 631808.0 4712 -132 56 8 11 14 16 57
8208 607232.0 4720 -133 56 8 10 16 16 57
8272 592896.0 4724 -129 56 8 9 18 16 57
8560 585728.0 4742 -132 56 8 8 22 16 57
8816 522880.0 5810 -130 60 10 13 10 16 60
8832 437824.0 5285 -133 54 9 12 14 16 57
8880 408192.0 5814 -129 60 10 11 12 16 59
8992 388672.0 5295 -135 54 9 11 16 16 57
9040 387712.0 5824 -134 60 10 10 14 16 59
9088 360000.0 5301 -132 54 9 10 18 16 56
9280 344640.0 5313 -131 54 9 9 21 16 56
9520 335936.0 5328 -128 54 9 8 25 16 56
9760 303968.0 6395 -131 55 11 12 13 16 57
9936 258912.0 6406 -134 55 11 11 15 16 57
