3680 314834944.0 1281 -128 34 2 24 5 16 34
3696 159645696.0 1282 -128 34 2 20 6 16 33
3728 61931520.0 1284 -129 30 2 21 6 16 31
3744 40435712.0 1285 -129 30 2 18 7 16 30
3792 37814272.0 1288 -130 30 2 16 8 16 30
3824 25722880.0 1290 -132 28 2 19 7 16 30
3888 18972672.0 1294 -131 28 2 15 9 16 29
3984 13385728.0 1300 -135 26 2 18 8 16 29
4000 10371072.0 1301 -133 26 2 16 9 16 28
4016 9371648.0 1302 -128 26 2 13 11 16 27
4112 6955008.0 1308 -133 24 2 17 9 16 28
4160 4956160.0 1311 -128 24 2 14 11 16 27
4352 2771968.0 1849 -130 30 3 16 8 16 30
4416 1887232.0 1853 -130 30 3 13 10 16 30
4432 1451520.0 1854 -128 27 3 15 9 16 28
4528 1189376.0 1860 -131 27 3 14 10 16 28
4592 1041920.0 1864 -132 27 3 13 11 16 28
4624 914944.0 1866 -128 27 3 11 13 16 27
4720 791296.0 1872 -128 24 3 14 11 16 27
4992 545536.0 1889 -133 24 3 12 14 16 27
5152 496384.0 1899 -135 24 3 11 16 16 27
5168 467456.0 2426 -136 28 4 13 11 16 29
5200 340480.0 2428 -132 28 4 11 13 16 28
5344 317952.0 2437 -135 28 4 10 15 16 28
5424 304640.0 2442 -134 28 4 9 17 16 28
5440 296960.0 2443 -128 28 4 8 19 16 27
5552 258304.0 2450 -133 24 4 12 14 16 27
5600 228672.0 2979 -129 30 5 11 12 16 29
5712 209152.0 2460 -135 24 4 11 16 16 27
5760 208192.0 2989 -134 30 5 10 14 16 29
5808 180480.0 2466 -132 24 4 10 18 16 26
6000 165120.0 2478 -131 24 4 9 21 16 26
6096 151200.0 3010 -134 25 5 11 15 16 27
6208 124576.0 3017 -133 25 5 10 17 16 27
6256 109216.0 3020 -128 25 5 9 19 16 26
6528 101536.0 3037 -129 25 5 8 23 16 26
6928 90720.0 3588 -132 24 6 10 18 16 26
7104 80240.0 4125 -134 28 7 9 17 16 28
7120 72560.0 4126 -128 28 7 8 19 16 27
7328 68720.0 4139 -128 28 7 7 23 16 27
7360 66656.0 3615 -128 24 6 8 25 16 26
7984 62304.0 3654 -130 24 6 7 33 16 26
8208 57800.0 5246 -129 27 9 9 17 16 27
8240 57408.0 4722 -131 24 8 9 21 16 26
8368 50632.0 5256 -128 27 9 8 20 16 27
8480 48704.0 4737 -128 24 8 8 25 16 26
8688 46792.0 5276 -130 27 9 7 25 16 27
9072 44488.0 5300 -128 27 9 6 32 16 26
9104 44352.0 4776 -130 24 8 7 33 16 26
