3952 638582784.0 1298 -130 38 2 22 6 16 40
3984 595591168.0 1300 -129 38 2 19 7 16 40
4016 394788864.0 1302 -130 36 2 23 6 16 39
4064 308805632.0 1305 -130 36 2 20 7 16 39
4144 176422912.0 1310 -128 34 2 21 7 16 38
4240 155451392.0 1316 -130 34 2 19 8 16 38
4272 149422080.0 1318 -128 34 2 17 9 16 38
4400 148373504.0 1326 -131 34 2 16 10 16 38
4432 67731456.0 1854 -128 45 3 20 6 16 44
4464 55672832.0 1856 -128 45 3 15 8 16 43
4480 52740096.0 1857 -131 42 3 21 6 16 43
4496 31244288.0 1858 -130 42 3 18 7 16 42
4528 27869184.0 1860 -129 42 3 14 9 16 41
4560 21127168.0 1862 -132 39 3 19 7 16 41
4624 14376960.0 1866 -131 39 3 15 9 16 40
4704 11087872.0 1871 -131 36 3 18 8 16 39
4720 8073216.0 1872 -129 36 3 16 9 16 38
4832 7548928.0 1879 -133 36 3 15 10 16 39
4912 7254016.0 1884 -134 36 3 14 11 16 39
4960 7090176.0 1887 -133 36 3 13 12 16 38
4976 7000064.0 1888 -131 36 3 12 13 16 38
5072 3346432.0 2420 -128 40 4 16 8 16 40
5184 2387968.0 2427 -128 40 4 12 11 16 39
5280 2328576.0 2433 -129 36 4 16 9 16 38
5360 2326528.0 2438 -131 40 4 10 14 16 39
5392 1804288.0 2440 -133 36 4 15 10 16 39
5472 1509376.0 2445 -134 36 4 14 11 16 39
5520 1345536.0 2448 -133 36 4 13 12 16 38
5536 1255424.0 2449 -131 36 4 12 13 16 38
5712 1210368.0 2460 -134 36 4 11 15 16 38
5744 808192.0 2988 -128 40 5 12 11 16 39
5920 746752.0 2999 -131 40 5 10 14 16 39
6016 719488.0 3005 -128 35 5 14 11 16 38
6288 473728.0 3022 -133 35 5 12 14 16 38
6336 457472.0 3551 -128 42 6 10 13 16 40
6448 424576.0 3032 -135 35 5 11 16 16 38
6544 395904.0 3038 -132 35 5 10 18 16 37
6656 321920.0 3571 -131 36 6 12 13 16 38
6832 276864.0 3582 -134 36 6 11 15 16 38
6944 250240.0 3589 -133 36 6 10 17 16 38
6992 234880.0 3592 -128 36 6 9 19 16 37
7264 227200.0 3609 -129 36 6 8 23 16 37
7568 191200.0 4154 -135 35 7 11 16 16 38
7600 172288.0 4682 -131 40 8 10 14 16 39
7664 162528.0 4160 -132 35 7 10 18 16 37
7696 160000.0 4688 -131 40 8 9 16 16 39
7856 147168.0 4172 -131 35 7 9 21 16 37
8096 138464.0 4187 -128 35 7 8 25 16 37
8624 115600.0 5272 -133 36 9 10 17 16 38
8672 100240.0 5275 -128 36 9 9 19 16 37
8944 92560.0 5292 -129 36 9 8 23 16 37
9344 88208.0 5317 -128 36 9 7 29 16 37
