2880 461897728.0 705 -128 19 1 24 5 16 19
2896 306708480.0 706 -128 19 1 20 6 16 18
2912 34357248.0 707 -128 14 1 21 6 16 15
2944 22052864.0 709 -129 15 1 18 7 16 15
2976 10240000.0 711 -128 14 1 16 8 16 14
3008 9637888.0 713 -129 12 1 19 7 16 14
3072 2887680.0 717 -128 12 1 15 9 16 13
3168 2625536.0 723 -131 12 1 14 10 16 13
3184 1754112.0 724 -129 10 1 16 9 16 12
3216 1329152.0 726 -128 11 1 13 11 16 12
3296 1229824.0 731 -133 10 1 15 10 16 13
3360 647680.0 735 -129 9 1 14 11 16 12
3408 483840.0 738 -128 9 1 13 12 16 11
3616 356608.0 751 -130 8 1 13 13 16 11
3648 233728.0 1279 -128 14 2 12 11 16 13
3824 125056.0 1290 -128 12 2 11 13 16 12
3968 102528.0 1299 -131 12 2 10 15 16 12
4048 89216.0 1304 -129 12 2 9 17 16 12
4208 82048.0 1314 -128 12 2 8 20 16 12
4288 70720.0 1319 -133 10 2 10 17 16 12
4336 55360.0 1322 -128 10 2 9 19 16 11
4608 44336.0 1865 -129 12 3 9 17 16 12
4768 37168.0 1875 -128 12 3 8 20 16 12
5088 33328.0 1895 -130 12 3 7 25 16 12
5296 32288.0 1382 -128 8 2 8 28 16 11
5328 28192.0 2436 -128 12 4 8 20 16 12
5440 26264.0 1917 -128 9 3 8 25 16 11
5648 24352.0 2456 -130 12 4 7 25 16 12
6032 22048.0 2480 -128 12 4 6 32 16 11
6064 21912.0 1956 -130 9 3 7 33 16 11
6688 18644.0 3047 -128 10 5 7 29 16 11
7152 17560.0 3602 -128 12 6 6 32 16 11
7456 16340.0 3095 -129 10 5 6 40 16 11
8768 16272.0 2651 -129 8 4 6 57 16 10
