8088 466092032.0 1868 -192 36 2 21 9 16 42
8136 438829056.0 1870 -192 36 2 19 10 16 42
8232 429916160.0 1874 -192 36 2 16 12 16 41
8256 289669120.0 1875 -197 34 2 22 9 16 41
8304 219938816.0 1877 -194 34 2 18 11 16 40
8376 204537856.0 1880 -192 30 2 23 9 16 38
8472 95485952.0 1884 -193 30 2 21 10 16 38
8664 59834368.0 1892 -193 30 2 18 12 16 37
8808 56950784.0 1898 -196 30 2 17 13 16 37
8904 39354368.0 1902 -192 28 2 19 12 16 36
9072 33587200.0 1909 -195 28 2 18 13 16 36
9192 30441472.0 1914 -195 28 2 17 14 16 35
9264 28737536.0 1917 -194 28 2 16 15 16 35
9360 20525056.0 2687 -192 36 3 19 10 16 42
9456 11612160.0 2691 -192 36 3 16 12 16 41
9552 10891264.0 2695 -193 36 3 15 13 16 40
9600 10498048.0 2697 -193 36 3 14 14 16 40
9672 8165376.0 2700 -195 33 3 17 12 16 39
9792 6723584.0 2705 -197 33 3 16 13 16 38
9864 5937152.0 2708 -197 33 3 15 14 16 38
9888 5511168.0 2709 -195 33 3 14 15 16 38
10104 5167104.0 2718 -194 33 3 12 18 16 37
10128 4344832.0 2719 -196 30 3 16 14 16 36
10176 3492864.0 2721 -194 30 3 15 15 16 36
10464 2804736.0 2733 -194 30 3 13 18 16 35
10656 2673664.0 2741 -194 30 3 12 20 16 35
10776 2525184.0 3512 -193 36 4 15 13 16 40
10824 2131968.0 3514 -193 36 4 14 14 16 40
11064 1754112.0 3524 -193 32 4 15 14 16 37
11256 1751040.0 3532 -198 36 4 11 19 16 39
11328 1716224.0 3535 -195 36 4 10 21 16 39
11400 1115136.0 3538 -197 32 4 13 17 16 37
11616 992256.0 3547 -199 32 4 12 19 16 36
11736 922624.0 3552 -196 32 4 11 21 16 36
12024 885760.0 3564 -197 32 4 10 24 16 36
12168 864256.0 3570 -192 32 4 9 27 16 35
12288 662144.0 4341 -193 35 5 12 17 16 38
12456 600704.0 4348 -194 35 5 11 19 16 38
12792 567936.0 4362 -199 35 5 10 22 16 38
12912 556352.0 4367 -194 30 5 13 18 16 35
12984 548480.0 4370 -197 35 5 9 25 16 37
13080 524800.0 3608 -197 28 4 11 26 16 33
13104 425280.0 4375 -194 30 5 12 20 16 35
13488 355648.0 4391 -197 30 5 11 23 16 35
13728 314688.0 4401 -194 30 5 10 26 16 34
