7896 348389376.0 1860 -192 34 2 23 8 16 40
7992 144834560.0 1864 -194 32 2 21 9 16 38
8040 117571584.0 1866 -194 32 2 19 10 16 38
8112 102268928.0 1869 -194 28 2 22 9 16 35
8184 47742976.0 1872 -194 28 2 20 10 16 35
8328 29917184.0 1878 -195 28 2 17 12 16 34
8376 24920064.0 1880 -194 26 2 19 11 16 33
8568 19677184.0 1888 -199 26 2 18 12 16 33
8712 16793600.0 1894 -201 26 2 17 13 16 33
8808 15220736.0 1898 -202 26 2 16 14 16 32
8856 13910016.0 1900 -197 26 2 14 16 16 31
8976 13508608.0 1905 -202 24 2 18 13 16 32
9096 10362880.0 1910 -203 24 2 17 14 16 31
9168 7249920.0 1913 -193 24 2 14 17 16 30
9384 6592512.0 2688 -196 33 3 16 12 16 38
9480 5150720.0 2692 -192 33 3 12 16 16 36
9648 2958848.0 2699 -193 27 3 16 13 16 32
9720 2172416.0 2702 -193 27 3 15 14 16 32
10056 1533440.0 2716 -197 27 3 13 17 16 32
10272 1410560.0 2725 -199 27 3 12 19 16 31
10392 1184512.0 2730 -193 24 3 14 17 16 30
10656 938752.0 2741 -196 24 3 13 19 16 30
10824 799488.0 2748 -194 24 3 12 21 16 29
11184 725760.0 2763 -195 24 3 11 24 16 29
11208 565760.0 3530 -194 28 4 12 18 16 32
11352 500224.0 3536 -194 28 4 11 20 16 32
11664 465408.0 3549 -196 28 4 10 23 16 31
11832 444928.0 3556 -193 28 4 9 26 16 31
12048 381184.0 3565 -194 24 4 12 21 16 29
12336 339264.0 4343 -194 30 5 11 19 16 33
12408 307456.0 3580 -195 24 4 11 24 16 29
12672 306496.0 4357 -199 30 5 10 22 16 33
12864 287040.0 4365 -197 30 5 9 25 16 32
12888 266496.0 3600 -196 24 4 10 28 16 29
13368 224928.0 4386 -197 25 5 11 23 16 30
13608 183968.0 4396 -194 25 5 10 26 16 29
