6312 562561024.0 1028 -192 19 1 23 8 16 25
6384 91291648.0 1031 -192 16 1 21 9 16 22
6432 64028672.0 1033 -192 16 1 19 10 16 22
6528 55115776.0 1037 -192 16 1 16 12 16 21
6600 19152896.0 1040 -194 14 1 18 11 16 20
6744 9838592.0 1046 -195 13 1 17 12 16 19
6840 5050368.0 1050 -193 12 1 16 13 16 17
6912 4263936.0 1053 -193 12 1 15 14 16 17
7104 4244480.0 1061 -196 10 1 17 13 16 17
7200 2671616.0 1065 -196 10 1 16 14 16 16
7248 1819648.0 1067 -194 10 1 15 15 16 16
7536 1131520.0 1079 -194 10 1 13 18 16 15
7584 975360.0 1081 -193 9 1 14 17 16 15
7848 729600.0 1092 -196 9 1 13 19 16 15
8016 590336.0 1099 -194 9 1 12 21 16 14
8160 536832.0 1105 -195 8 1 13 20 16 14
8184 471296.0 1872 -195 14 2 13 16 16 18
8400 461312.0 1881 -195 16 2 10 21 16 19
8424 356608.0 1882 -199 14 2 12 18 16 18
8568 291072.0 1888 -199 14 2 11 20 16 18
8616 254208.0 1890 -194 14 2 10 22 16 17
8808 190592.0 1898 -196 12 2 11 21 16 16
9096 153728.0 1910 -197 12 2 10 24 16 16
9240 132224.0 1916 -192 12 2 9 27 16 15
9576 105536.0 1930 -194 10 2 10 26 16 14
10056 104032.0 2716 -197 15 3 9 25 16 17
10152 84032.0 1954 -196 10 2 9 31 16 14
10464 66864.0 2733 -192 12 3 9 27 16 15
11112 56112.0 2760 -195 12 3 8 33 16 15
11688 53792.0 3550 -192 12 4 9 27 16 15
11832 53400.0 2790 -194 9 3 9 33 16 13
11856 49712.0 2791 -193 12 3 7 41 16 14
12336 43040.0 3577 -195 12 4 8 33 16 15
12768 40600.0 2829 -194 9 3 8 41 16 13
13080 36640.0 3608 -193 12 4 7 41 16 14
