9792 910950400.0 2705 -192 54 3 24 8 16 61
9960 718012416.0 2712 -197 54 3 22 9 16 61
10008 648282112.0 2714 -194 54 3 18 11 16 60
10104 472252416.0 2718 -196 51 3 23 9 16 59
10200 332791808.0 2722 -194 51 3 19 11 16 58
10392 327548928.0 2730 -199 51 3 18 12 16 58
10536 324665344.0 2736 -201 51 3 17 13 16 58
10608 173211648.0 2739 -192 48 3 19 12 16 56
10776 167444480.0 2746 -195 48 3 18 13 16 56
10896 164298752.0 2751 -195 48 3 17 14 16 55
10968 162594816.0 2754 -194 48 3 16 15 16 55
11016 91291648.0 3522 -192 56 4 21 9 16 62
11064 64028672.0 3524 -192 56 4 19 10 16 62
11160 55115776.0 3528 -192 56 4 16 12 16 61
11256 54394880.0 3532 -193 56 4 15 13 16 60
11304 54001664.0 3534 -193 56 4 14 14 16 60
11448 38305792.0 3540 -198 52 4 19 11 16 59
11472 28475392.0 3541 -193 52 4 16 13 16 57
11544 27688960.0 3544 -193 52 4 15 14 16 57
11832 25968640.0 3556 -192 48 4 19 12 16 56
12000 20201472.0 3563 -195 48 4 18 13 16 56
12120 17055744.0 3568 -195 48 4 17 14 16 55
12192 15351808.0 3571 -194 48 4 16 15 16 55
12480 14133248.0 4349 -196 55 5 18 11 16 61
12552 13975552.0 3586 -194 48 4 14 18 16 54
12648 11511808.0 4356 -201 55 5 17 12 16 61
12768 8505344.0 4361 -193 55 5 12 17 16 58
12936 8443904.0 4368 -194 55 5 11 19 16 58
12960 7590912.0 4369 -196 50 5 17 13 16 57
13056 6018048.0 4373 -196 50 5 16 14 16 56
13104 5166080.0 4375 -194 50 5 15 15 16 56
13392 4477952.0 4387 -194 50 5 13 18 16 55
13584 4346880.0 4395 -194 50 5 12 20 16 55
13968 4213760.0 5177 -201 54 6 16 13 16 59
