7008 898629632.0 1057 -193 20 1 21 10 16 28
7104 730333184.0 1061 -196 19 1 24 9 16 28
7224 512229376.0 1066 -197 19 1 22 10 16 28
7248 451411968.0 1067 -194 19 1 20 11 16 27
7416 274857984.0 1074 -194 17 1 23 10 16 27
7440 226754560.0 1075 -192 18 1 19 12 16 26
7608 220987392.0 1082 -195 18 1 18 13 16 26
7704 132251648.0 1086 -196 17 1 20 12 16 26
7848 51134464.0 1858 -192 26 2 21 9 16 32
7896 23871488.0 1860 -192 26 2 19 10 16 32
7992 14958592.0 1864 -192 26 2 16 12 16 31
8064 12460032.0 1867 -194 24 2 18 11 16 30
8232 9838592.0 1874 -198 24 2 17 12 16 30
8304 5050368.0 1877 -193 22 2 16 13 16 27
8376 4263936.0 1880 -193 22 2 15 14 16 27
8664 3508224.0 1892 -196 20 2 16 14 16 26
8712 2656256.0 1894 -194 20 2 15 15 16 26
9000 1968128.0 1906 -194 20 2 13 18 16 25
9192 1837056.0 1914 -194 20 2 12 20 16 25
9384 1426432.0 1922 -194 18 2 14 18 16 24
9528 1328640.0 2694 -192 27 3 11 18 16 30
9624 1164288.0 1932 -195 18 2 13 20 16 24
9648 889600.0 2699 -195 24 3 13 16 16 28
9888 774912.0 2709 -199 24 3 12 18 16 28
10032 709376.0 2715 -199 24 3 11 20 16 28
10080 672512.0 2717 -194 24 3 10 22 16 27
10128 469376.0 2719 -192 21 3 12 19 16 25
10536 403840.0 2736 -198 21 3 11 22 16 25
10800 364928.0 2747 -197 21 3 10 25 16 25
11112 356608.0 3526 -199 24 4 12 18 16 28
11160 343424.0 2762 -195 21 3 9 29 16 24
11256 291072.0 3532 -199 24 4 11 20 16 28
11304 254208.0 3534 -194 24 4 10 22 16 27
11496 234752.0 3542 -192 24 4 9 25 16 26
11976 224512.0 3562 -194 24 4 8 30 16 26
12024 198784.0 3564 -197 20 4 11 23 16 25
12264 157824.0 3574 -194 20 4 10 26 16 24
12744 156320.0 4360 -197 25 5 9 25 16 27
12840 136320.0 3598 -196 20 4 9 31 16 24
13488 118608.0 4391 -194 20 5 10 26 16 24
13944 104032.0 5176 -192 24 6 9 25 16 26
