11256 482607104.0 3532 -192 64 4 24 8 16 71
11304 431226880.0 3534 -192 68 4 17 11 16 73
11424 289669120.0 3539 -197 64 4 22 9 16 71
11472 219938816.0 3541 -194 64 4 18 11 16 70
11640 149028864.0 3548 -193 60 4 21 10 16 68
11832 113377280.0 3556 -193 60 4 18 12 16 67
11976 110493696.0 3562 -196 60 4 17 13 16 67
12072 108920832.0 3566 -196 60 4 16 14 16 66
12120 108068864.0 3568 -194 60 4 15 15 16 66
12408 107380736.0 3580 -194 60 4 13 18 16 65
12576 69812224.0 4353 -195 70 5 17 11 16 75
12720 39231488.0 4359 -196 65 5 18 11 16 71
12888 36610048.0 4366 -201 65 5 17 12 16 71
13008 33603584.0 4371 -193 65 5 12 17 16 68
13056 23023616.0 4373 -193 60 5 18 12 16 67
13200 20140032.0 4379 -196 60 5 17 13 16 67
13296 18567168.0 4383 -196 60 5 16 14 16 66
13344 17715200.0 4385 -194 60 5 15 15 16 66
13632 17027072.0 4397 -194 60 5 13 18 16 65
13824 16896000.0 4405 -194 60 5 12 20 16 65
13848 11612160.0 5172 -192 66 6 16 12 16 71
13944 10891264.0 5176 -193 66 6 15 13 16 70
13992 10498048.0 5178 -193 66 6 14 14 16 70
