6672 503840768.0 1043 -194 19 1 22 9 16 26
6744 449314816.0 1046 -194 19 1 20 10 16 26
6816 204537856.0 1049 -192 16 1 23 9 16 24
6912 95485952.0 1053 -193 16 1 21 10 16 24
7104 59834368.0 1061 -193 16 1 18 12 16 23
7152 49840128.0 1063 -194 15 1 20 11 16 23
7344 25968640.0 1071 -192 14 1 19 12 16 22
7512 20201472.0 1078 -195 14 1 18 13 16 22
7632 17055744.0 1083 -195 14 1 17 14 16 21
7704 15351808.0 1086 -194 14 1 16 15 16 21
7800 9576448.0 1856 -192 24 2 17 11 16 29
7896 4919296.0 1860 -192 22 2 16 12 16 27
7992 4198400.0 1864 -193 22 2 15 13 16 26
8040 3805184.0 1866 -193 22 2 14 14 16 26
8208 2540544.0 1873 -193 18 2 16 13 16 23
8280 1754112.0 1876 -193 18 2 15 14 16 23
8616 1115136.0 1890 -197 18 2 13 17 16 23
8832 992256.0 1899 -199 18 2 12 19 16 22
8904 713216.0 1902 -194 16 2 13 18 16 21
9096 582144.0 1910 -194 16 2 12 20 16 21
9480 512512.0 1926 -197 16 2 11 23 16 21
9504 452992.0 2693 -193 21 3 12 17 16 24
9672 391552.0 2700 -194 21 3 11 19 16 24
10008 358784.0 2714 -199 21 3 10 22 16 24
10056 312512.0 2716 -199 18 3 12 19 16 22
10176 242880.0 2721 -196 18 3 11 21 16 22
10464 206016.0 2733 -197 18 3 10 24 16 22
10608 184512.0 2739 -192 18 3 9 27 16 21
10968 176736.0 2754 -195 15 3 11 24 16 20
11208 149632.0 3530 -194 20 4 10 22 16 23
11400 130176.0 3538 -192 20 4 9 25 16 22
11880 119936.0 3558 -194 20 4 8 30 16 22
11976 112224.0 2796 -194 15 3 9 33 16 19
12168 105536.0 3570 -194 16 4 10 26 16 20
12624 90960.0 4355 -192 20 5 9 25 16 22
12744 84032.0 3594 -196 16 4 9 31 16 20
13104 80720.0 4375 -194 20 5 8 30 16 22
13512 71744.0 3626 -196 16 4 8 38 16 19
