8520 579338240.0 1886 -192 36 2 23 9 16 44
8616 470286336.0 1890 -193 36 2 21 10 16 44
8808 434634752.0 1898 -193 36 2 18 12 16 43
8952 431751168.0 1904 -196 36 2 17 13 16 43
9048 226754560.0 1908 -192 34 2 19 12 16 42
9216 220987392.0 1915 -195 34 2 18 13 16 42
9312 199360512.0 1919 -194 32 2 22 11 16 42
9456 77905920.0 2691 -192 42 3 21 9 16 48
9504 50642944.0 2693 -192 42 3 19 10 16 48
9600 41730048.0 2697 -192 42 3 16 12 16 47
9672 41050112.0 2700 -194 39 3 20 10 16 46
9696 41009152.0 2701 -193 42 3 15 13 16 46
9744 40615936.0 2703 -193 42 3 14 14 16 46
9816 23224320.0 2706 -195 39 3 17 12 16 45
9936 21782528.0 2711 -197 39 3 16 13 16 44
10008 20996096.0 2714 -197 39 3 15 14 16 44
10032 16330752.0 2715 -193 36 3 18 12 16 43
10176 13447168.0 2721 -196 36 3 17 13 16 43
10272 11874304.0 2725 -196 36 3 16 14 16 42
10320 11022336.0 2727 -194 36 3 15 15 16 42
10608 10334208.0 2739 -194 36 3 13 18 16 41
10728 9576448.0 3510 -192 44 4 17 11 16 49
10872 8265728.0 3516 -196 44 4 16 12 16 49
10968 6823936.0 3520 -192 44 4 12 16 16 47
11064 6492160.0 3524 -198 40 4 17 12 16 46
11184 5050368.0 3529 -201 40 4 16 13 16 45
11256 3608576.0 3532 -195 40 4 13 16 16 44
11496 3493888.0 3542 -199 40 4 12 18 16 44
11544 2656256.0 3544 -194 36 4 15 15 16 42
11832 1968128.0 3556 -194 36 4 13 18 16 41
12024 1837056.0 3564 -194 36 4 12 20 16 41
12408 1767424.0 3580 -197 36 4 11 23 16 41
12480 1307904.0 4349 -195 40 5 13 16 16 44
12720 1193216.0 4359 -199 40 5 12 18 16 44
12864 1127680.0 4365 -199 40 5 11 20 16 44
12912 1090816.0 4367 -194 40 5 10 22 16 43
13104 1071360.0 4375 -192 40 5 9 25 16 42
13368 834176.0 4386 -196 35 5 13 19 16 41
13536 694912.0 4393 -194 35 5 12 21 16 40
13896 621184.0 4408 -195 35 5 11 24 16 40
