9600 776732672.0 2697 -192 54 3 23 8 16 60
9672 359006208.0 2700 -192 51 3 21 9 16 57
9720 331743232.0 2702 -192 51 3 19 10 16 57
9816 236126208.0 2706 -194 48 3 22 9 16 55
9888 181600256.0 2709 -194 48 3 20 10 16 55
10032 163774464.0 2715 -195 48 3 17 12 16 54
10056 122257408.0 2716 -193 45 3 21 10 16 53
10248 86605824.0 2724 -193 45 3 18 12 16 52
10392 83722240.0 2730 -196 45 3 17 13 16 52
10488 82149376.0 2734 -196 45 3 16 14 16 51
10536 81297408.0 2736 -194 45 3 15 15 16 51
10752 65323008.0 2745 -196 42 3 20 12 16 51
10920 64520192.0 3518 -194 52 4 21 9 16 58
10944 53788672.0 2753 -199 42 3 19 13 16 51
10968 37257216.0 3520 -194 52 4 19 10 16 58
11064 28344320.0 3524 -194 52 4 16 12 16 57
11160 27623424.0 3528 -196 52 4 15 13 16 56
11208 27017216.0 3530 -193 52 4 13 15 16 55
11256 16531456.0 3532 -195 48 4 17 12 16 54
11376 15089664.0 3537 -197 48 4 16 13 16 53
11448 14303232.0 3540 -197 48 4 15 14 16 53
11472 13877248.0 3541 -195 48 4 14 15 16 53
11688 13533184.0 3550 -194 48 4 12 18 16 52
11832 13467648.0 3556 -194 48 4 11 20 16 52
12024 10362880.0 3564 -203 44 4 17 14 16 51
12096 7249920.0 3567 -193 44 4 14 17 16 50
12360 7004160.0 3578 -196 44 4 13 19 16 50
12528 6864896.0 3585 -194 44 4 12 21 16 49
12648 4322304.0 4356 -193 50 5 12 17 16 53
12816 4260864.0 4363 -194 50 5 11 19 16 53
12936 3926528.0 4368 -196 45 5 16 14 16 51
12984 3074560.0 4370 -194 45 5 15 15 16 51
13272 2386432.0 4382 -194 45 5 13 18 16 50
13464 2255360.0 4390 -194 45 5 12 20 16 50
13848 2185728.0 4406 -197 45 5 11 23 16 50
13896 2172416.0 5174 -197 48 6 15 14 16 53
13920 1746432.0 5175 -195 48 6 14 15 16 53
