10392 944504832.0 2730 -196 54 3 24 9 16 63
10512 726401024.0 2735 -197 54 3 22 10 16 63
10536 665583616.0 2736 -194 54 3 20 11 16 62
10752 655097856.0 2745 -199 54 3 19 12 16 62
10920 649330688.0 2752 -202 54 3 18 13 16 62
10992 413532160.0 2755 -194 51 3 22 11 16 61
11064 348389376.0 3524 -192 64 4 23 8 16 70
11208 217055232.0 3530 -194 64 4 17 11 16 69
11328 182583296.0 3535 -199 60 4 22 9 16 67
11376 112852992.0 3537 -196 60 4 18 11 16 66
11544 65077248.0 3544 -194 56 4 19 11 16 63
11736 59834368.0 3552 -199 56 4 18 12 16 63
11880 56950784.0 3558 -201 56 4 17 13 16 63
11976 55377920.0 3562 -202 56 4 16 14 16 62
12024 54067200.0 3564 -197 56 4 14 16 16 61
12192 53698560.0 3571 -192 56 4 12 19 16 60
12216 51937280.0 3572 -196 52 4 20 12 16 61
12408 40402944.0 3580 -199 52 4 19 13 16 61
12456 36347904.0 4348 -195 65 5 17 11 16 70
12552 34111488.0 3586 -200 52 4 18 14 16 60
12600 22499328.0 4354 -196 60 5 18 11 16 66
12768 19877888.0 4361 -201 60 5 17 12 16 66
12888 16871424.0 4366 -193 60 5 12 17 16 63
12936 14657536.0 4368 -193 55 5 18 12 16 62
13080 11773952.0 4374 -196 55 5 17 13 16 62
13176 10201088.0 4378 -196 55 5 16 14 16 61
13224 9349120.0 4380 -194 55 5 15 15 16 61
13512 8660992.0 4392 -194 55 5 13 18 16 60
13704 8529920.0 4400 -194 55 5 12 20 16 60
13992 8165376.0 5178 -201 60 6 17 12 16 66
