9144 869269504.0 1912 -192 38 2 19 12 16 46
9312 863502336.0 1919 -195 38 2 18 13 16 46
9336 763887616.0 1920 -196 36 2 24 10 16 47
9408 520617984.0 1923 -194 36 2 22 11 16 46
9528 455475200.0 2694 -194 51 3 23 8 16 57
9576 348749824.0 2696 -194 45 3 24 8 16 52
9600 163512320.0 2697 -192 48 3 17 11 16 53
9744 155811840.0 2703 -199 45 3 22 9 16 52
9792 86081536.0 2705 -196 45 3 18 11 16 51
9960 83460096.0 2712 -201 45 3 17 12 16 51
9984 51691520.0 2713 -198 42 3 19 11 16 49
10008 41861120.0 2714 -193 42 3 16 13 16 47
10080 41074688.0 2717 -193 42 3 15 14 16 47
10392 32661504.0 2730 -199 39 3 19 12 16 47
10560 26894336.0 2737 -202 39 3 18 13 16 47
10680 23748608.0 2742 -203 39 3 17 14 16 46
10752 20635648.0 2745 -193 39 3 14 17 16 45
10824 16269312.0 3514 -192 48 4 17 11 16 53
10968 14958592.0 3520 -196 48 4 16 12 16 53
10992 12460032.0 3521 -194 44 4 18 11 16 50
11160 9838592.0 3528 -198 44 4 17 12 16 50
11280 8396800.0 3533 -201 44 4 16 13 16 49
11352 6955008.0 3536 -195 44 4 13 16 16 48
11496 6754304.0 3542 -196 40 4 17 13 16 47
11592 5181440.0 3546 -196 40 4 16 14 16 46
11640 4329472.0 3548 -194 40 4 15 15 16 46
11928 3641344.0 3560 -194 40 4 13 18 16 45
12120 3510272.0 3568 -194 40 4 12 20 16 45
12504 3440640.0 3584 -197 40 4 11 23 16 45
12528 2230784.0 4351 -193 45 5 12 17 16 48
12696 2169344.0 4358 -194 45 5 11 19 16 48
12864 2028800.0 4365 -194 40 5 15 15 16 46
13152 1340672.0 4377 -194 40 5 13 18 16 45
13344 1209600.0 4385 -194 40 5 12 20 16 45
13728 1139968.0 4401 -197 40 5 11 23 16 45
13968 1099008.0 4411 -194 40 5 10 26 16 44
