11072 952369152.0 1351 -256 18 1 25 10 16 23
11168 325189632.0 1354 -256 17 1 23 11 16 22
11392 62423040.0 1361 -256 15 1 20 13 16 19
11584 32260096.0 1367 -257 14 1 19 14 16 18
11744 25444352.0 1372 -259 14 1 18 15 16 18
11840 21774336.0 1375 -259 14 1 17 16 16 18
11872 19808256.0 1376 -257 14 1 16 17 16 18
12128 17926144.0 1384 -260 11 1 19 15 16 16
12256 10586112.0 1388 -261 11 1 18 16 16 16
12288 5640192.0 1389 -256 12 1 15 19 16 16
12640 5083136.0 1400 -259 12 1 14 21 16 16
12768 3508224.0 1404 -262 11 1 15 20 16 16
13056 1819648.0 1413 -256 10 1 14 22 16 14
13504 1303040.0 1427 -256 9 1 14 23 16 14
14112 975360.0 1446 -261 9 1 13 26 16 14
14240 893440.0 2456 -258 16 2 13 21 16 18
14400 737792.0 2461 -257 16 2 12 23 16 18
14528 717056.0 1459 -258 8 1 13 27 16 13
14624 635136.0 2468 -260 14 2 13 22 16 17
14752 471296.0 2472 -257 14 2 12 24 16 17
15136 385280.0 2484 -259 14 2 11 27 16 16
15520 350336.0 2496 -263 12 2 12 26 16 15
15680 338176.0 2501 -261 14 2 10 31 16 16
15840 256128.0 2506 -262 12 2 11 29 16 15
16320 204928.0 2521 -260 12 2 10 33 16 15
16544 195648.0 2528 -258 10 2 11 31 16 14
16864 176256.0 2538 -256 12 2 9 38 16 14
17312 142400.0 2552 -258 10 2 10 36 16 13
17824 137824.0 3574 -256 15 3 9 34 16 16
18400 112704.0 2586 -259 10 2 9 43 16 13
19008 90416.0 3611 -256 12 3 9 38 16 14
20384 75568.0 3654 -260 12 3 8 47 16 14
21152 73248.0 4684 -256 12 4 9 38 16 14
21472 72856.0 3688 -257 9 3 9 46 16 12
22208 66864.0 3711 -258 12 3 7 60 16 13
22528 58400.0 4727 -260 12 4 8 47 16 14
23456 55448.0 3750 -257 9 3 8 58 16 12
24352 49696.0 4784 -258 12 4 7 60 16 13
