16640 894173184.0 3537 -258 54 3 21 12 16 58
16704 851181568.0 3539 -256 54 3 18 14 16 57
16800 580059136.0 3542 -257 48 3 24 11 16 54
16832 449183744.0 3543 -258 51 3 20 13 16 55
17056 436600832.0 3550 -263 51 3 19 14 16 55
17152 265486336.0 3553 -262 48 3 21 13 16 54
17408 240320512.0 3561 -267 48 3 20 14 16 54
17472 214532096.0 3563 -261 45 3 22 13 16 52
17728 212205568.0 3571 -261 48 3 15 19 16 52
17760 164200448.0 3572 -266 45 3 21 14 16 52
17984 136937472.0 3579 -269 45 3 20 15 16 52
18144 122257408.0 3584 -270 45 3 19 16 16 51
18240 107970560.0 3587 -261 45 3 16 19 16 50
18464 106201088.0 3594 -256 45 3 14 22 16 49
18560 86294528.0 3597 -260 42 3 20 16 16 49
18688 70565888.0 3601 -259 42 3 19 17 16 49
19008 62423040.0 4617 -261 52 4 20 13 16 56
19232 49840128.0 4624 -266 52 4 19 14 16 56
19392 35782656.0 4629 -258 52 4 14 19 16 55
19680 35504128.0 4638 -262 52 4 13 21 16 54
19744 33308672.0 4640 -270 48 4 19 15 16 53
19872 18825216.0 4644 -261 48 4 15 19 16 52
20224 18268160.0 4655 -265 48 4 14 21 16 52
20352 17702912.0 4659 -261 44 4 18 17 16 50
20384 13508608.0 4660 -258 44 4 17 18 16 50
20768 10166272.0 4672 -257 44 4 15 21 16 49
21056 9543680.0 4681 -256 44 4 14 23 16 49
21568 6673408.0 5703 -257 50 5 15 18 16 53
21952 6149120.0 5715 -263 50 5 14 20 16 53
22208 5854208.0 5723 -265 50 5 13 22 16 53
22336 5600256.0 5727 -256 50 5 11 26 16 52
22528 5237248.0 5733 -261 45 5 16 19 16 50
22752 3467776.0 5740 -256 45 5 14 22 16 49
23392 3156480.0 5760 -263 45 5 13 25 16 49
23840 2976256.0 5774 -263 45 5 12 28 16 49
24096 2873856.0 5782 -258 45 5 11 31 16 49
24512 2336256.0 6801 -265 48 6 14 21 16 52
24736 2024960.0 6808 -265 48 6 13 23 16 52
24832 1852928.0 6811 -261 48 6 12 25 16 51
