13728 952369152.0 2440 -257 34 2 25 10 16 39
13792 325189632.0 2442 -256 32 2 23 11 16 37
13920 288620544.0 2446 -256 34 2 18 14 16 37
14016 97583104.0 2449 -256 30 2 20 13 16 34
14240 85000192.0 2456 -260 30 2 19 14 16 34
14400 78184448.0 2461 -262 30 2 18 15 16 34
14496 71499776.0 2464 -257 30 2 15 18 16 33
14560 46940160.0 2466 -258 26 2 20 14 16 32
14752 33308672.0 2472 -260 26 2 19 15 16 31
14880 25968640.0 2476 -261 26 2 18 16 16 31
14944 22036480.0 2478 -259 26 2 17 17 16 31
15392 18890752.0 2492 -262 26 2 15 20 16 31
15424 17702912.0 2493 -261 24 2 18 17 16 30
15456 13508608.0 2494 -258 24 2 17 18 16 30
15840 10166272.0 2506 -257 24 2 15 21 16 29
16128 9543680.0 2515 -256 24 2 14 23 16 29
16224 8689664.0 3524 -256 33 3 16 16 16 36
16640 4475904.0 3537 -257 30 3 15 18 16 33
17024 3951616.0 3549 -263 30 3 14 20 16 33
17056 2893312.0 3550 -256 27 3 15 19 16 31
17408 2336256.0 3561 -259 27 3 14 21 16 31
17632 2024960.0 3568 -259 27 3 13 23 16 31
18144 1861120.0 3584 -263 27 3 12 26 16 30
18272 1577728.0 3588 -256 24 3 14 23 16 29
18880 1250048.0 3607 -261 24 3 13 26 16 29
19232 1201152.0 4624 -256 32 4 11 25 16 33
19296 1061632.0 3620 -260 24 3 12 29 16 28
19808 926208.0 4642 -265 28 4 13 23 16 32
19904 754176.0 4645 -261 28 4 12 25 16 31
20256 664064.0 4656 -261 28 4 11 28 16 31
20768 614912.0 4672 -261 28 4 10 32 16 30
21344 587264.0 4690 -260 28 4 9 37 16 30
21440 512256.0 4693 -260 24 4 12 29 16 28
21696 449856.0 5707 -256 30 5 11 26 16 32
22048 409856.0 4712 -259 24 4 11 33 16 28
22272 404800.0 5725 -260 30 5 10 30 16 32
22592 378176.0 5735 -256 30 5 9 34 16 31
22752 352512.0 4734 -256 24 4 10 38 16 28
23456 298656.0 5762 -258 25 5 11 31 16 29
24224 245408.0 5786 -258 25 5 10 36 16 28
24736 240832.0 6808 -256 30 6 9 34 16 31
