15040 671612928.0 2481 -261 36 2 22 13 16 43
15328 621281280.0 2490 -266 36 2 21 14 16 43
15392 499384320.0 2492 -260 34 2 23 13 16 42
15712 398721024.0 2502 -265 34 2 22 14 16 42
15968 344195072.0 2510 -269 34 2 21 15 16 42
16160 314834944.0 2516 -270 34 2 20 16 16 41
16288 299106304.0 2520 -269 34 2 19 17 16 41
16320 224591872.0 3527 -257 48 3 19 13 16 51
16352 155811840.0 3528 -258 45 3 21 12 16 49
16416 112820224.0 3530 -256 45 3 18 14 16 48
16544 80003072.0 3534 -258 42 3 20 13 16 46
16768 67420160.0 3541 -263 42 3 19 14 16 46
16928 60604416.0 3546 -266 42 3 18 15 16 46
17024 53919744.0 3549 -261 42 3 15 18 16 45
17216 53084160.0 3555 -258 42 3 13 21 16 44
17312 42098688.0 3558 -270 39 3 19 15 16 44
17440 27615232.0 3562 -261 39 3 15 19 16 43
17792 27058176.0 3573 -265 39 3 14 21 16 43
17952 15675392.0 3578 -261 36 3 16 19 16 41
18176 13905920.0 3585 -256 36 3 14 22 16 40
18656 12722176.0 4606 -256 44 4 17 15 16 47
18720 10887168.0 4608 -256 44 4 16 16 16 47
19104 8589312.0 4620 -259 40 4 17 16 16 44
19136 6623232.0 4621 -257 40 4 16 17 16 44
19488 5050368.0 4632 -259 40 4 14 20 16 43
19744 4755456.0 4640 -260 40 4 13 22 16 43
19872 4591616.0 4644 -257 40 4 12 24 16 43
20256 4505600.0 4656 -259 40 4 11 27 16 42
20320 2918400.0 4658 -256 36 4 14 22 16 40
20960 2607104.0 4678 -263 36 4 13 25 16 40
21408 2426880.0 4692 -263 36 4 12 28 16 40
21632 2028800.0 5705 -259 40 5 14 20 16 43
21888 1733888.0 5713 -260 40 5 13 22 16 43
22016 1570048.0 5717 -257 40 5 12 24 16 43
22400 1484032.0 5729 -259 40 5 11 27 16 42
22912 1440384.0 5745 -256 35 5 14 23 16 40
22944 1436928.0 5746 -261 40 5 10 31 16 42
23520 1112704.0 5764 -261 35 5 13 26 16 40
23808 1012480.0 6779 -257 42 6 12 23 16 44
23936 924288.0 5777 -260 35 5 12 29 16 39
24448 883456.0 6799 -258 42 6 10 29 16 43
24544 821888.0 5796 -259 35 5 11 33 16 39
