12384 965214208.0 1392 -259 19 1 24 12 16 26
12640 621281280.0 1400 -259 19 1 21 14 16 26
12736 499384320.0 1403 -260 18 1 23 13 16 26
13024 258080768.0 1412 -256 17 1 22 14 16 25
13280 203554816.0 1420 -259 17 1 21 15 16 25
13472 174194688.0 1426 -260 17 1 20 16 16 24
13600 158466048.0 1430 -259 17 1 19 17 16 24
13664 85491712.0 2438 -256 28 2 21 12 16 32
13792 77660160.0 2442 -258 30 2 18 14 16 33
13856 39092224.0 2444 -256 28 2 17 15 16 31
13920 37257216.0 2446 -256 28 2 16 16 16 31
14048 23470080.0 2450 -257 24 2 19 14 16 28
14208 16654336.0 2455 -259 24 2 18 15 16 28
14304 12984320.0 2458 -259 24 2 17 16 16 28
14336 11018240.0 2459 -257 24 2 16 17 16 28
14688 9445376.0 2470 -259 24 2 14 20 16 27
14752 5640192.0 2472 -256 22 2 15 19 16 26
15104 5083136.0 2483 -259 22 2 14 21 16 26
15296 4687872.0 2489 -261 20 2 16 19 16 25
15520 2918400.0 2496 -256 20 2 14 22 16 24
16160 2540544.0 2516 -257 18 2 15 22 16 24
16448 2270720.0 3531 -258 27 3 14 19 16 30
16736 1992192.0 3540 -262 27 3 13 21 16 29
16832 1479424.0 3543 -259 24 3 14 20 16 27
17088 1184512.0 3551 -260 24 3 13 22 16 27
17216 1020672.0 3555 -257 24 3 12 24 16 27
17600 934656.0 3567 -259 24 3 11 27 16 26
17888 805248.0 3576 -262 21 3 13 24 16 25
18368 633216.0 3591 -264 21 3 12 27 16 25
18656 534912.0 3600 -260 21 3 11 30 16 24
19104 481664.0 3614 -257 21 3 10 34 16 24
19360 471296.0 4628 -257 24 4 12 24 16 27
19744 385280.0 4640 -259 24 4 11 27 16 26
20288 338176.0 4657 -261 24 4 10 31 16 26
20896 311552.0 4676 -262 24 4 9 36 16 26
21152 264320.0 4684 -258 20 4 11 31 16 24
21920 211072.0 4708 -258 20 4 10 36 16 23
22432 206496.0 5730 -256 25 5 9 34 16 26
23008 181376.0 4742 -259 20 4 9 43 16 23
24064 159568.0 5781 -258 20 5 10 36 16 23
