14208 589824000.0 2455 -258 36 2 20 13 16 40
14240 381943808.0 2456 -258 34 2 22 12 16 39
14368 295960576.0 2460 -257 34 2 19 14 16 38
14496 195166208.0 2464 -258 32 2 21 13 16 38
14752 170000384.0 2472 -263 32 2 20 14 16 38
14944 156368896.0 2478 -265 32 2 19 15 16 37
15072 141885440.0 2482 -256 32 2 15 19 16 36
15136 129040384.0 2484 -266 30 2 21 14 16 37
15360 101777408.0 2491 -269 30 2 20 15 16 37
15520 87097344.0 2496 -270 30 2 19 16 16 36
15616 72810496.0 2499 -261 30 2 16 19 16 35
15840 71041024.0 2506 -256 30 2 14 22 16 34
15968 68714496.0 2510 -270 28 2 20 16 16 35
16096 52985856.0 2514 -269 28 2 19 17 16 35
16160 40140800.0 2516 -262 28 2 17 19 16 34
16224 33710080.0 3524 -256 39 3 18 14 16 42
16352 30302208.0 3528 -258 39 3 17 15 16 42
16416 27484160.0 3530 -256 39 3 15 17 16 41
16672 26697728.0 3538 -257 39 3 13 20 16 41
16736 21049344.0 3540 -266 36 3 18 15 16 40
16832 14364672.0 3543 -261 36 3 15 18 16 39
17024 13529088.0 3549 -258 36 3 13 21 16 38
17184 13373440.0 3554 -257 36 3 12 23 16 38
17248 7837696.0 3556 -261 33 3 15 19 16 37
17600 7280640.0 3567 -265 33 3 14 21 16 37
17760 5786624.0 3572 -261 30 3 16 19 16 35
17984 4017152.0 3579 -256 30 3 14 22 16 34
18624 3705856.0 3599 -263 30 3 13 25 16 34
18976 3377152.0 4616 -261 36 4 15 18 16 39
19168 2541568.0 4622 -258 36 4 13 21 16 38
19328 2385920.0 4627 -257 36 4 12 23 16 38
19360 2343936.0 4628 -256 32 4 15 19 16 36
19712 1786880.0 4639 -259 32 4 14 21 16 36
19936 1475584.0 4646 -259 32 4 13 23 16 36
20448 1311744.0 4662 -263 32 4 12 26 16 35
20768 1217536.0 4672 -261 32 4 11 29 16 35
21248 1166336.0 4687 -260 32 4 10 33 16 35
21600 991744.0 4698 -257 28 4 13 27 16 33
21856 793216.0 5712 -256 35 5 11 26 16 37
22432 748160.0 5730 -260 35 5 10 30 16 37
22752 721536.0 5740 -256 35 5 9 34 16 36
22944 692736.0 4740 -257 28 4 11 35 16 33
23360 572736.0 5759 -263 30 5 12 28 16 34
23616 470336.0 5767 -258 30 5 11 31 16 34
24384 417088.0 5791 -258 30 5 10 36 16 33
