19232 612892672.0 4624 -256 68 4 21 12 16 72
19424 566493184.0 4630 -256 68 4 17 15 16 71
19488 381943808.0 4632 -258 64 4 22 12 16 69
19616 295960576.0 4636 -257 64 4 19 14 16 68
19776 289144832.0 4641 -259 64 4 18 15 16 68
19872 285474816.0 4644 -259 64 4 17 16 16 68
19904 283508736.0 4645 -257 64 4 16 17 16 68
20096 249692160.0 4651 -261 60 4 22 13 16 67
20384 199360512.0 4660 -266 60 4 21 14 16 67
20608 172097536.0 4667 -269 60 4 20 15 16 67
20768 157417472.0 4672 -270 60 4 19 16 16 66
20864 143130624.0 4675 -261 60 4 16 19 16 65
21088 141361152.0 4682 -256 60 4 14 22 16 64
21440 138231808.0 5699 -260 70 5 21 12 16 74
21504 95240192.0 5701 -258 70 5 18 14 16 73
21568 71213056.0 5703 -256 65 5 20 13 16 69
21792 58630144.0 5710 -260 65 5 19 14 16 69
21952 51814400.0 5715 -262 65 5 18 15 16 69
22048 45129728.0 5718 -257 65 5 15 18 16 68
22432 44605440.0 5730 -263 65 5 14 20 16 68
22688 44310528.0 5738 -265 65 5 13 22 16 68
22816 44056576.0 5742 -256 65 5 11 26 16 67
22912 38752256.0 5745 -270 60 5 19 16 16 66
23008 24465408.0 5748 -261 60 5 16 19 16 65
23232 22695936.0 5755 -256 60 5 14 22 16 64
23872 22384640.0 5775 -263 60 5 13 25 16 64
24128 21049344.0 6789 -266 66 6 18 15 16 70
24224 14364672.0 6792 -261 66 6 15 18 16 69
24416 13529088.0 6798 -258 66 6 13 21 16 68
24576 13373440.0 6803 -257 66 6 12 23 16 68
24992 13291520.0 6816 -261 66 6 11 26 16 68
