17024 944504832.0 3549 -258 54 3 22 12 16 59
17152 858521600.0 3553 -257 54 3 19 14 16 58
17312 623247360.0 3558 -259 51 3 23 12 16 57
17504 451280896.0 3564 -258 51 3 20 14 16 57
17696 437649408.0 3570 -260 51 3 19 15 16 56
17824 430309376.0 3574 -261 51 3 18 16 16 56
17888 426377216.0 3576 -259 51 3 17 17 16 56
18304 328400896.0 3589 -265 48 3 22 14 16 56
18560 273874944.0 3597 -269 48 3 21 15 16 56
18752 244514816.0 3603 -270 48 3 20 16 16 55
18880 228786176.0 3607 -269 48 3 19 17 16 55
18944 215941120.0 3609 -262 48 3 17 19 16 54
18976 190971904.0 4616 -260 60 4 21 12 16 64
19040 147980288.0 4618 -258 60 4 18 14 16 63
19136 97583104.0 4621 -258 56 4 20 13 16 60
19360 85000192.0 4628 -263 56 4 19 14 16 60
19520 78184448.0 4633 -266 56 4 18 15 16 60
19616 71499776.0 4636 -261 56 4 15 18 16 59
19680 64520192.0 4638 -263 52 4 20 14 16 58
19872 50888704.0 4644 -265 52 4 19 15 16 57
20000 36405248.0 4648 -256 52 4 15 19 16 56
20352 35848192.0 4659 -259 52 4 14 21 16 56
20576 35536896.0 4666 -259 52 4 13 23 16 56
21024 35405824.0 4680 -269 48 4 19 17 16 55
21088 22560768.0 4682 -262 48 4 17 19 16 54
21408 19021824.0 4692 -257 48 4 15 22 16 54
21632 18851840.0 5705 -262 55 5 18 15 16 59
21728 12167168.0 5708 -257 55 5 15 18 16 58
22112 11642880.0 5720 -263 55 5 14 20 16 58
22368 11347968.0 5728 -265 55 5 13 22 16 58
22496 11094016.0 5732 -256 55 5 11 26 16 57
22688 7984128.0 5738 -261 50 5 16 19 16 55
22912 6214656.0 5745 -256 50 5 14 22 16 54
23552 5903360.0 5765 -263 50 5 13 25 16 54
23872 5524480.0 6781 -257 54 6 16 17 16 58
24224 3951616.0 6792 -259 54 6 14 20 16 57
24480 3656704.0 6800 -260 54 6 13 22 16 57
24608 3492864.0 6804 -257 54 6 12 24 16 57
24992 3406848.0 6816 -259 54 6 11 27 16 56
