16224 797442048.0 2518 -260 36 2 23 14 16 45
16416 435552256.0 3530 -256 51 3 19 13 16 54
16448 261292032.0 3531 -256 48 3 21 12 16 52
16640 132743168.0 3537 -256 45 3 20 13 16 49
16864 120160256.0 3544 -260 45 3 19 14 16 49
16960 107266048.0 3547 -258 42 3 21 13 16 48
17120 106659840.0 3552 -257 45 3 15 18 16 48
17216 82100224.0 3555 -263 42 3 20 14 16 48
17408 68468736.0 3561 -265 42 3 19 15 16 47
17536 53985280.0 3565 -256 42 3 15 19 16 46
17888 53428224.0 3576 -259 42 3 14 21 16 46
17952 43147264.0 3578 -263 39 3 19 16 16 45
18048 35282944.0 3581 -261 39 3 18 17 16 45
18080 31088640.0 3582 -258 39 3 17 18 16 45
18464 27746304.0 3594 -257 39 3 15 21 16 44
18752 27123712.0 3603 -256 39 3 14 23 16 44
18784 21512192.0 4610 -256 48 4 17 15 16 51
18848 19677184.0 4612 -256 48 4 16 16 16 51
19136 16654336.0 4621 -259 44 4 18 15 16 48
19232 12984320.0 4624 -259 44 4 17 16 16 48
19264 11018240.0 4625 -257 44 4 16 17 16 48
19616 9445376.0 4636 -259 44 4 14 20 16 47
19872 9150464.0 4644 -260 44 4 13 22 16 47
20000 8986624.0 4648 -257 44 4 12 24 16 47
20224 6885376.0 4655 -261 40 4 16 19 16 45
20448 5115904.0 4662 -256 40 4 14 22 16 44
21088 4804608.0 4682 -263 40 4 13 25 16 44
21408 3926528.0 5698 -257 45 5 15 18 16 48
21792 3402240.0 5710 -263 45 5 14 20 16 48
22048 3107328.0 5718 -265 45 5 13 22 16 48
22176 2853376.0 5722 -256 45 5 11 26 16 47
22592 2094336.0 5735 -256 40 5 14 22 16 44
23232 1783040.0 5755 -263 40 5 13 25 16 44
23680 1602816.0 5769 -263 40 5 12 28 16 44
23936 1500416.0 5777 -258 40 5 11 31 16 44
24544 1200896.0 6802 -259 42 6 13 23 16 46
