18048 902561792.0 3581 -259 54 3 21 14 16 61
18272 875298816.0 3588 -262 54 3 20 15 16 61
18432 860618752.0 3593 -263 54 3 19 16 16 60
18528 852754432.0 3596 -261 54 3 18 17 16 60
18560 848560128.0 3597 -258 54 3 17 18 16 60
18848 656801792.0 3606 -260 51 3 23 14 16 60
19104 331612160.0 4620 -258 64 4 21 12 16 68
19168 288620544.0 4622 -256 64 4 18 14 16 67
19264 167903232.0 4625 -256 60 4 20 13 16 64
19488 155320320.0 4632 -260 60 4 19 14 16 64
19648 148504576.0 4637 -262 60 4 18 15 16 64
19744 141819904.0 4640 -257 60 4 15 18 16 63
19808 99680256.0 4642 -258 56 4 20 14 16 62
20000 86048768.0 4648 -260 56 4 19 15 16 61
20128 78708736.0 4652 -261 56 4 18 16 16 61
20192 74776576.0 4654 -259 56 4 17 17 16 61
20640 71630848.0 4668 -262 56 4 15 20 16 61
20960 71041024.0 4678 -264 56 4 14 22 16 60
21024 68714496.0 4680 -260 52 4 20 16 16 59
21152 52985856.0 4684 -259 52 4 19 17 16 59
21344 51290112.0 5696 -258 65 5 18 14 16 68
21408 49238016.0 5698 -256 60 5 20 13 16 64
21472 47882240.0 5700 -260 65 5 17 15 16 68
21536 45064192.0 5702 -258 65 5 15 17 16 67
21632 36655104.0 5705 -260 60 5 19 14 16 64
21792 29839360.0 5710 -262 60 5 18 15 16 64
21888 23154688.0 5713 -257 60 5 15 18 16 63
22272 22630400.0 5725 -263 60 5 14 20 16 63
22528 22335488.0 5733 -265 60 5 13 22 16 63
22656 22081536.0 5737 -256 60 5 11 26 16 62
22848 13477888.0 5743 -261 55 5 16 19 16 60
23072 11708416.0 5750 -256 55 5 14 22 16 59
23712 11397120.0 5770 -263 55 5 13 25 16 59
24032 7772160.0 6786 -257 60 6 15 18 16 63
24416 7247872.0 6798 -263 60 6 14 20 16 63
24672 6952960.0 6806 -265 60 6 13 22 16 63
24800 6699008.0 6810 -256 60 6 11 26 16 62
