11584 931659776.0 1367 -257 19 1 24 11 16 25
11872 878837760.0 1376 -260 17 1 25 11 16 24
11904 335806464.0 1377 -258 18 1 21 13 16 24
12128 170000384.0 1384 -258 17 1 20 14 16 23
12320 156368896.0 1390 -260 17 1 19 15 16 22
12448 149028864.0 1394 -261 17 1 18 16 16 22
12512 93880320.0 1396 -259 15 1 21 14 16 22
12736 66617344.0 1403 -262 15 1 20 15 16 22
12896 51937280.0 1408 -263 15 1 19 16 16 21
12992 44072960.0 1411 -261 15 1 18 17 16 21
13024 39878656.0 1412 -258 15 1 17 18 16 21
13408 36536320.0 1424 -257 15 1 15 21 16 20
13472 26615808.0 1426 -259 13 1 19 17 16 20
13568 22560768.0 1429 -262 14 1 17 19 16 20
13728 12722176.0 2440 -256 24 2 17 15 16 27
13792 10887168.0 2442 -256 24 2 16 16 16 27
14080 10061824.0 2451 -259 20 2 18 15 16 24
14176 6391808.0 2454 -259 20 2 17 16 16 24
14208 4425728.0 2455 -257 20 2 16 17 16 24
14560 2852864.0 2466 -259 20 2 14 20 16 23
14624 2343936.0 2468 -256 18 2 15 19 16 22
14976 1786880.0 2479 -259 18 2 14 21 16 22
15200 1475584.0 2486 -259 18 2 13 23 16 22
15392 1270272.0 2492 -256 16 2 14 22 16 20
16032 958976.0 2512 -263 16 2 13 25 16 20
16480 778752.0 2526 -263 16 2 12 28 16 20
16736 676352.0 2534 -258 16 2 11 31 16 20
17120 518528.0 3552 -256 21 3 11 26 16 23
17696 473472.0 3570 -260 21 3 10 30 16 23
17856 419008.0 3575 -263 18 3 12 26 16 21
18176 324800.0 3585 -261 18 3 11 29 16 21
18656 273600.0 3600 -260 18 3 10 33 16 21
19200 244928.0 3617 -256 18 3 9 38 16 20
19616 238176.0 3630 -259 15 3 11 33 16 19
20160 200832.0 4653 -261 20 4 10 31 16 22
20320 180832.0 3652 -256 15 3 10 38 16 19
20768 174208.0 4672 -262 20 4 9 36 16 22
21344 158848.0 4690 -256 20 4 8 42 16 21
21664 150112.0 3694 -257 15 3 9 46 16 18
21792 142400.0 4704 -258 16 4 10 36 16 19
22880 112704.0 4738 -259 16 4 9 43 16 19
23488 107344.0 5763 -256 20 5 8 42 16 21
24384 95808.0 4785 -257 16 4 8 53 16 19
